<?xml version="1.0" encoding="UTF-8"?>
<coverage generated="1614927891239" clover="3.2.0">
  <project timestamp="1614927891239" name="All files">
    <metrics statements="12" coveredstatements="11" conditionals="2" coveredconditionals="1" methods="1" coveredmethods="1" elements="15" coveredelements="13" complexity="0" loc="12" ncloc="12" packages="1" files="1" classes="1"/>
    <file name="495-TeemoAttacking.ts" path="E:\code\letcode\src\array\495-TeemoAttacking.ts">
      <metrics statements="12" coveredstatements="11" conditionals="2" coveredconditionals="1" methods="1" coveredmethods="1"/>
      <line num="1" count="1" type="stmt"/>
      <line num="2" count="2" type="stmt"/>
      <line num="3" count="2" type="stmt"/>
      <line num="4" count="2" type="stmt"/>
      <line num="6" count="2" type="cond" truecount="1" falsecount="1"/>
      <line num="7" count="0" type="stmt"/>
      <line num="10" count="2" type="stmt"/>
      <line num="11" count="2" type="stmt"/>
      <line num="12" count="2" type="stmt"/>
      <line num="15" count="2" type="stmt"/>
      <line num="16" count="2" type="stmt"/>
      <line num="19" count="1" type="stmt"/>
    </file>
  </project>
</coverage>
