{"E:\\code\\letcode\\src\\array\\414-thirdMaximumNumber.ts": {"path":"E:\\code\\letcode\\src\\array\\414-thirdMaximumNumber.ts","statementMap":{"0":{"start":{"line":1,"column":17},"end":{"line":30,"column":1}},"1":{"start":{"line":2,"column":12},"end":{"line":2,"column":23}},"2":{"start":{"line":3,"column":12},"end":{"line":3,"column":16}},"3":{"start":{"line":4,"column":15},"end":{"line":4,"column":19}},"4":{"start":{"line":5,"column":14},"end":{"line":5,"column":18}},"5":{"start":{"line":7,"column":2},"end":{"line":9,"column":null}},"6":{"start":{"line":8,"column":4},"end":{"line":8,"column":29}},"7":{"start":{"line":11,"column":2},"end":{"line":23,"column":null}},"8":{"start":{"line":11,"column":15},"end":{"line":11,"column":16}},"9":{"start":{"line":12,"column":14},"end":{"line":12,"column":21}},"10":{"start":{"line":13,"column":4},"end":{"line":22,"column":null}},"11":{"start":{"line":14,"column":6},"end":{"line":14,"column":21}},"12":{"start":{"line":15,"column":6},"end":{"line":15,"column":19}},"13":{"start":{"line":16,"column":6},"end":{"line":16,"column":16}},"14":{"start":{"line":17,"column":11},"end":{"line":22,"column":null}},"15":{"start":{"line":18,"column":6},"end":{"line":18,"column":21}},"16":{"start":{"line":19,"column":6},"end":{"line":19,"column":19}},"17":{"start":{"line":20,"column":11},"end":{"line":22,"column":null}},"18":{"start":{"line":21,"column":6},"end":{"line":21,"column":18}},"19":{"start":{"line":25,"column":2},"end":{"line":29,"column":null}},"20":{"start":{"line":26,"column":4},"end":{"line":26,"column":17}},"21":{"start":{"line":28,"column":4},"end":{"line":28,"column":15}},"22":{"start":{"line":32,"column":0},"end":{"line":32,"column":24}}},"fnMap":{"0":{"name":"(anonymous_0)","decl":{"start":{"line":1,"column":17},"end":{"line":1,"column":27}},"loc":{"start":{"line":1,"column":46},"end":{"line":30,"column":1}}}},"branchMap":{"0":{"loc":{"start":{"line":7,"column":2},"end":{"line":9,"column":null}},"type":"if","locations":[{"start":{"line":7,"column":2},"end":{"line":9,"column":null}},{"start":{"line":7,"column":2},"end":{"line":9,"column":null}}]},"1":{"loc":{"start":{"line":13,"column":4},"end":{"line":22,"column":null}},"type":"if","locations":[{"start":{"line":13,"column":4},"end":{"line":22,"column":null}},{"start":{"line":13,"column":4},"end":{"line":22,"column":null}}]},"2":{"loc":{"start":{"line":13,"column":8},"end":{"line":13,"column":20}},"type":"binary-expr","locations":[{"start":{"line":13,"column":8},"end":{"line":13,"column":20}},{"start":{"line":13,"column":24},"end":{"line":13,"column":33}}]},"3":{"loc":{"start":{"line":17,"column":11},"end":{"line":22,"column":null}},"type":"if","locations":[{"start":{"line":17,"column":11},"end":{"line":22,"column":null}},{"start":{"line":17,"column":11},"end":{"line":22,"column":null}}]},"4":{"loc":{"start":{"line":17,"column":16},"end":{"line":17,"column":31}},"type":"binary-expr","locations":[{"start":{"line":17,"column":16},"end":{"line":17,"column":31}},{"start":{"line":17,"column":35},"end":{"line":17,"column":47}},{"start":{"line":17,"column":52},"end":{"line":17,"column":63}}]},"5":{"loc":{"start":{"line":20,"column":11},"end":{"line":22,"column":null}},"type":"if","locations":[{"start":{"line":20,"column":11},"end":{"line":22,"column":null}},{"start":{"line":20,"column":11},"end":{"line":22,"column":null}}]},"6":{"loc":{"start":{"line":20,"column":16},"end":{"line":20,"column":30}},"type":"binary-expr","locations":[{"start":{"line":20,"column":16},"end":{"line":20,"column":30}},{"start":{"line":20,"column":34},"end":{"line":20,"column":45}},{"start":{"line":20,"column":50},"end":{"line":20,"column":64}},{"start":{"line":20,"column":68},"end":{"line":20,"column":79}}]},"7":{"loc":{"start":{"line":25,"column":2},"end":{"line":29,"column":null}},"type":"if","locations":[{"start":{"line":25,"column":2},"end":{"line":29,"column":null}},{"start":{"line":25,"column":2},"end":{"line":29,"column":null}}]}},"s":{"0":1,"1":4,"2":4,"3":4,"4":4,"5":4,"6":1,"7":3,"8":3,"9":13,"10":13,"11":6,"12":6,"13":6,"14":7,"15":2,"16":2,"17":5,"18":2,"19":3,"20":3,"21":0,"22":1},"f":{"0":4},"b":{"0":[1,3],"1":[6,7],"2":[13,10],"3":[2,5],"4":[7,5,5],"5":[2,3],"6":[5,1,5,5],"7":[3,0]}}
,"E:\\code\\letcode\\src\\array\\485-maxConsecutiveOnes.ts": {"path":"E:\\code\\letcode\\src\\array\\485-maxConsecutiveOnes.ts","statementMap":{"0":{"start":{"line":1,"column":31},"end":{"line":21,"column":1}},"1":{"start":{"line":2,"column":14},"end":{"line":2,"column":25}},"2":{"start":{"line":3,"column":2},"end":{"line":5,"column":null}},"3":{"start":{"line":4,"column":4},"end":{"line":4,"column":13}},"4":{"start":{"line":7,"column":14},"end":{"line":7,"column":15}},"5":{"start":{"line":8,"column":12},"end":{"line":8,"column":13}},"6":{"start":{"line":9,"column":2},"end":{"line":16,"column":null}},"7":{"start":{"line":9,"column":15},"end":{"line":9,"column":16}},"8":{"start":{"line":10,"column":4},"end":{"line":15,"column":null}},"9":{"start":{"line":11,"column":6},"end":{"line":11,"column":null}},"10":{"start":{"line":13,"column":6},"end":{"line":13,"column":33}},"11":{"start":{"line":14,"column":6},"end":{"line":14,"column":16}},"12":{"start":{"line":19,"column":2},"end":{"line":19,"column":30}},"13":{"start":{"line":23,"column":0},"end":{"line":23,"column":38}}},"fnMap":{"0":{"name":"(anonymous_0)","decl":{"start":{"line":1,"column":31},"end":{"line":1,"column":41}},"loc":{"start":{"line":1,"column":60},"end":{"line":21,"column":1}}}},"branchMap":{"0":{"loc":{"start":{"line":3,"column":2},"end":{"line":5,"column":null}},"type":"if","locations":[{"start":{"line":3,"column":2},"end":{"line":5,"column":null}},{"start":{"line":3,"column":2},"end":{"line":5,"column":null}}]},"1":{"loc":{"start":{"line":10,"column":4},"end":{"line":15,"column":null}},"type":"if","locations":[{"start":{"line":10,"column":4},"end":{"line":15,"column":null}},{"start":{"line":10,"column":4},"end":{"line":15,"column":null}}]}},"s":{"0":1,"1":4,"2":4,"3":0,"4":4,"5":4,"6":4,"7":4,"8":23,"9":17,"10":6,"11":6,"12":4,"13":1},"f":{"0":4},"b":{"0":[0,4],"1":[17,6]}}
,"E:\\code\\letcode\\src\\array\\495-teemoAttacking.ts": {"path":"E:\\code\\letcode\\src\\array\\495-teemoAttacking.ts","statementMap":{"0":{"start":{"line":1,"column":29},"end":{"line":17,"column":1}},"1":{"start":{"line":2,"column":14},"end":{"line":2,"column":31}},"2":{"start":{"line":3,"column":13},"end":{"line":3,"column":14}},"3":{"start":{"line":4,"column":12},"end":{"line":4,"column":13}},"4":{"start":{"line":6,"column":2},"end":{"line":8,"column":null}},"5":{"start":{"line":7,"column":4},"end":{"line":7,"column":13}},"6":{"start":{"line":10,"column":2},"end":{"line":13,"column":null}},"7":{"start":{"line":11,"column":4},"end":{"line":11,"column":70}},"8":{"start":{"line":12,"column":4},"end":{"line":12,"column":10}},"9":{"start":{"line":15,"column":2},"end":{"line":15,"column":19}},"10":{"start":{"line":16,"column":2},"end":{"line":16,"column":14}},"11":{"start":{"line":19,"column":0},"end":{"line":19,"column":36}}},"fnMap":{"0":{"name":"(anonymous_0)","decl":{"start":{"line":1,"column":29},"end":{"line":1,"column":39}},"loc":{"start":{"line":1,"column":82},"end":{"line":17,"column":1}}}},"branchMap":{"0":{"loc":{"start":{"line":6,"column":2},"end":{"line":8,"column":null}},"type":"if","locations":[{"start":{"line":6,"column":2},"end":{"line":8,"column":null}},{"start":{"line":6,"column":2},"end":{"line":8,"column":null}}]}},"s":{"0":1,"1":2,"2":2,"3":2,"4":2,"5":0,"6":2,"7":2,"8":2,"9":2,"10":2,"11":1},"f":{"0":2},"b":{"0":[0,2]}}
,"E:\\code\\letcode\\src\\array\\628-maximumProductOfThreeNumber.ts": {"path":"E:\\code\\letcode\\src\\array\\628-maximumProductOfThreeNumber.ts","statementMap":{"0":{"start":{"line":1,"column":23},"end":{"line":32,"column":1}},"1":{"start":{"line":2,"column":14},"end":{"line":2,"column":25}},"2":{"start":{"line":3,"column":17},"end":{"line":3,"column":34}},"3":{"start":{"line":4,"column":18},"end":{"line":4,"column":35}},"4":{"start":{"line":5,"column":17},"end":{"line":5,"column":34}},"5":{"start":{"line":6,"column":17},"end":{"line":6,"column":33}},"6":{"start":{"line":7,"column":18},"end":{"line":7,"column":34}},"7":{"start":{"line":8,"column":12},"end":{"line":8,"column":16}},"8":{"start":{"line":10,"column":2},"end":{"line":29,"column":null}},"9":{"start":{"line":10,"column":15},"end":{"line":10,"column":16}},"10":{"start":{"line":11,"column":4},"end":{"line":11,"column":18}},"11":{"start":{"line":12,"column":4},"end":{"line":21,"column":null}},"12":{"start":{"line":13,"column":6},"end":{"line":13,"column":27}},"13":{"start":{"line":14,"column":6},"end":{"line":14,"column":27}},"14":{"start":{"line":15,"column":6},"end":{"line":15,"column":21}},"15":{"start":{"line":16,"column":11},"end":{"line":21,"column":null}},"16":{"start":{"line":17,"column":6},"end":{"line":17,"column":27}},"17":{"start":{"line":18,"column":6},"end":{"line":18,"column":22}},"18":{"start":{"line":19,"column":11},"end":{"line":21,"column":null}},"19":{"start":{"line":20,"column":6},"end":{"line":20,"column":21}},"20":{"start":{"line":23,"column":4},"end":{"line":28,"column":null}},"21":{"start":{"line":24,"column":6},"end":{"line":24,"column":27}},"22":{"start":{"line":25,"column":6},"end":{"line":25,"column":21}},"23":{"start":{"line":26,"column":11},"end":{"line":28,"column":null}},"24":{"start":{"line":27,"column":6},"end":{"line":27,"column":22}},"25":{"start":{"line":31,"column":2},"end":{"line":31,"column":84}},"26":{"start":{"line":34,"column":0},"end":{"line":34,"column":30}}},"fnMap":{"0":{"name":"(anonymous_0)","decl":{"start":{"line":1,"column":23},"end":{"line":1,"column":33}},"loc":{"start":{"line":1,"column":52},"end":{"line":32,"column":1}}}},"branchMap":{"0":{"loc":{"start":{"line":12,"column":4},"end":{"line":21,"column":null}},"type":"if","locations":[{"start":{"line":12,"column":4},"end":{"line":21,"column":null}},{"start":{"line":12,"column":4},"end":{"line":21,"column":null}}]},"1":{"loc":{"start":{"line":16,"column":11},"end":{"line":21,"column":null}},"type":"if","locations":[{"start":{"line":16,"column":11},"end":{"line":21,"column":null}},{"start":{"line":16,"column":11},"end":{"line":21,"column":null}}]},"2":{"loc":{"start":{"line":19,"column":11},"end":{"line":21,"column":null}},"type":"if","locations":[{"start":{"line":19,"column":11},"end":{"line":21,"column":null}},{"start":{"line":19,"column":11},"end":{"line":21,"column":null}}]},"3":{"loc":{"start":{"line":23,"column":4},"end":{"line":28,"column":null}},"type":"if","locations":[{"start":{"line":23,"column":4},"end":{"line":28,"column":null}},{"start":{"line":23,"column":4},"end":{"line":28,"column":null}}]},"4":{"loc":{"start":{"line":26,"column":11},"end":{"line":28,"column":null}},"type":"if","locations":[{"start":{"line":26,"column":11},"end":{"line":28,"column":null}},{"start":{"line":26,"column":11},"end":{"line":28,"column":null}}]}},"s":{"0":1,"1":4,"2":4,"3":4,"4":4,"5":4,"6":4,"7":4,"8":4,"9":4,"10":13,"11":13,"12":9,"13":9,"14":9,"15":4,"16":2,"17":2,"18":2,"19":2,"20":13,"21":8,"22":8,"23":5,"24":2,"25":4,"26":1},"f":{"0":4},"b":{"0":[9,4],"1":[2,2],"2":[2,0],"3":[8,5],"4":[2,3]}}
,"E:\\code\\letcode\\src\\array\\645-setMismatch.ts": {"path":"E:\\code\\letcode\\src\\array\\645-setMismatch.ts","statementMap":{"0":{"start":{"line":1,"column":23},"end":{"line":26,"column":1}},"1":{"start":{"line":2,"column":2},"end":{"line":2,"column":29}},"2":{"start":{"line":2,"column":22},"end":{"line":2,"column":27}},"3":{"start":{"line":3,"column":13},"end":{"line":3,"column":17}},"4":{"start":{"line":4,"column":11},"end":{"line":4,"column":15}},"5":{"start":{"line":5,"column":12},"end":{"line":5,"column":23}},"6":{"start":{"line":7,"column":2},"end":{"line":9,"column":null}},"7":{"start":{"line":8,"column":4},"end":{"line":8,"column":13}},"8":{"start":{"line":11,"column":2},"end":{"line":23,"column":null}},"9":{"start":{"line":11,"column":15},"end":{"line":11,"column":16}},"10":{"start":{"line":12,"column":4},"end":{"line":14,"column":null}},"11":{"start":{"line":13,"column":6},"end":{"line":13,"column":19}},"12":{"start":{"line":16,"column":4},"end":{"line":18,"column":null}},"13":{"start":{"line":17,"column":6},"end":{"line":17,"column":29}},"14":{"start":{"line":20,"column":4},"end":{"line":22,"column":null}},"15":{"start":{"line":21,"column":6},"end":{"line":21,"column":24}},"16":{"start":{"line":25,"column":2},"end":{"line":25,"column":33}},"17":{"start":{"line":57,"column":9},"end":{"line":57,"column":23}},"18":{"start":{"line":28,"column":23},"end":{"line":55,"column":1}},"19":{"start":{"line":29,"column":12},"end":{"line":29,"column":21}},"20":{"start":{"line":30,"column":12},"end":{"line":30,"column":23}},"21":{"start":{"line":31,"column":29},"end":{"line":31,"column":41}},"22":{"start":{"line":32,"column":2},"end":{"line":39,"column":null}},"23":{"start":{"line":33,"column":16},"end":{"line":33,"column":28}},"24":{"start":{"line":34,"column":4},"end":{"line":38,"column":null}},"25":{"start":{"line":35,"column":6},"end":{"line":35,"column":22}},"26":{"start":{"line":37,"column":6},"end":{"line":37,"column":28}},"27":{"start":{"line":41,"column":2},"end":{"line":52,"column":null}},"28":{"start":{"line":41,"column":15},"end":{"line":41,"column":16}},"29":{"start":{"line":42,"column":16},"end":{"line":42,"column":26}},"30":{"start":{"line":43,"column":4},"end":{"line":47,"column":null}},"31":{"start":{"line":44,"column":6},"end":{"line":44,"column":20}},"32":{"start":{"line":45,"column":11},"end":{"line":47,"column":null}},"33":{"start":{"line":46,"column":6},"end":{"line":46,"column":20}},"34":{"start":{"line":49,"column":4},"end":{"line":51,"column":null}},"35":{"start":{"line":49,"column":29},"end":{"line":49,"column":42}},"36":{"start":{"line":50,"column":6},"end":{"line":50,"column":20}},"37":{"start":{"line":57,"column":25},"end":{"line":57,"column":39}}},"fnMap":{"0":{"name":"(anonymous_0)","decl":{"start":{"line":1,"column":23},"end":{"line":1,"column":33}},"loc":{"start":{"line":1,"column":52},"end":{"line":26,"column":1}}},"1":{"name":"(anonymous_1)","decl":{"start":{"line":2,"column":12},"end":{"line":2,"column":13}},"loc":{"start":{"line":2,"column":22},"end":{"line":2,"column":27}}},"2":{"name":"(anonymous_2)","decl":{"start":{"line":28,"column":23},"end":{"line":28,"column":33}},"loc":{"start":{"line":28,"column":52},"end":{"line":55,"column":1}}},"3":{"name":"(anonymous_3)","decl":{"start":{"line":32,"column":15},"end":{"line":32,"column":18}},"loc":{"start":{"line":32,"column":21},"end":{"line":39,"column":3}}},"4":{"name":"(anonymous_4)","decl":{"start":{"line":49,"column":21},"end":{"line":49,"column":25}},"loc":{"start":{"line":49,"column":29},"end":{"line":49,"column":42}}}},"branchMap":{"0":{"loc":{"start":{"line":7,"column":2},"end":{"line":9,"column":null}},"type":"if","locations":[{"start":{"line":7,"column":2},"end":{"line":9,"column":null}},{"start":{"line":7,"column":2},"end":{"line":9,"column":null}}]},"1":{"loc":{"start":{"line":12,"column":4},"end":{"line":14,"column":null}},"type":"if","locations":[{"start":{"line":12,"column":4},"end":{"line":14,"column":null}},{"start":{"line":12,"column":4},"end":{"line":14,"column":null}}]},"2":{"loc":{"start":{"line":12,"column":8},"end":{"line":12,"column":19}},"type":"binary-expr","locations":[{"start":{"line":12,"column":8},"end":{"line":12,"column":19}},{"start":{"line":12,"column":23},"end":{"line":12,"column":46}}]},"3":{"loc":{"start":{"line":16,"column":4},"end":{"line":18,"column":null}},"type":"if","locations":[{"start":{"line":16,"column":4},"end":{"line":18,"column":null}},{"start":{"line":16,"column":4},"end":{"line":18,"column":null}}]},"4":{"loc":{"start":{"line":16,"column":8},"end":{"line":16,"column":21}},"type":"binary-expr","locations":[{"start":{"line":16,"column":8},"end":{"line":16,"column":21}},{"start":{"line":16,"column":25},"end":{"line":16,"column":50}}]},"5":{"loc":{"start":{"line":20,"column":4},"end":{"line":22,"column":null}},"type":"if","locations":[{"start":{"line":20,"column":4},"end":{"line":22,"column":null}},{"start":{"line":20,"column":4},"end":{"line":22,"column":null}}]},"6":{"loc":{"start":{"line":20,"column":8},"end":{"line":20,"column":21}},"type":"binary-expr","locations":[{"start":{"line":20,"column":8},"end":{"line":20,"column":21}},{"start":{"line":20,"column":25},"end":{"line":20,"column":36}}]},"7":{"loc":{"start":{"line":34,"column":4},"end":{"line":38,"column":null}},"type":"if","locations":[{"start":{"line":34,"column":4},"end":{"line":38,"column":null}},{"start":{"line":34,"column":4},"end":{"line":38,"column":null}}]},"8":{"loc":{"start":{"line":43,"column":4},"end":{"line":47,"column":null}},"type":"if","locations":[{"start":{"line":43,"column":4},"end":{"line":47,"column":null}},{"start":{"line":43,"column":4},"end":{"line":47,"column":null}}]},"9":{"loc":{"start":{"line":45,"column":11},"end":{"line":47,"column":null}},"type":"if","locations":[{"start":{"line":45,"column":11},"end":{"line":47,"column":null}},{"start":{"line":45,"column":11},"end":{"line":47,"column":null}}]},"10":{"loc":{"start":{"line":49,"column":4},"end":{"line":51,"column":null}},"type":"if","locations":[{"start":{"line":49,"column":4},"end":{"line":51,"column":null}},{"start":{"line":49,"column":4},"end":{"line":51,"column":null}}]}},"s":{"0":1,"1":6,"2":42,"3":6,"4":6,"5":6,"6":6,"7":3,"8":6,"9":6,"10":18,"11":6,"12":18,"13":2,"14":18,"15":5,"16":1,"17":1,"18":1,"19":6,"20":6,"21":6,"22":6,"23":28,"24":28,"25":22,"26":6,"27":6,"28":6,"29":23,"30":23,"31":6,"32":17,"33":6,"34":23,"35":38,"36":6,"37":1},"f":{"0":6,"1":42,"2":6,"3":28,"4":38},"b":{"0":[3,3],"1":[6,12],"2":[18,10],"3":[2,16],"4":[18,13],"5":[5,13],"6":[18,7],"7":[22,6],"8":[6,17],"9":[6,11],"10":[6,17]}}
,"E:\\code\\letcode\\src\\array\\697-degreeOfAnArray.ts": {"path":"E:\\code\\letcode\\src\\array\\697-degreeOfAnArray.ts","statementMap":{"0":{"start":{"line":1,"column":29},"end":{"line":39,"column":1}},"1":{"start":{"line":2,"column":2},"end":{"line":4,"column":null}},"2":{"start":{"line":3,"column":4},"end":{"line":3,"column":13}},"3":{"start":{"line":5,"column":14},"end":{"line":5,"column":23}},"4":{"start":{"line":6,"column":17},"end":{"line":6,"column":26}},"5":{"start":{"line":7,"column":15},"end":{"line":7,"column":16}},"6":{"start":{"line":8,"column":2},"end":{"line":31,"column":null}},"7":{"start":{"line":9,"column":14},"end":{"line":9,"column":26}},"8":{"start":{"line":9,"column":28},"end":{"line":9,"column":null}},"9":{"start":{"line":10,"column":4},"end":{"line":30,"column":null}},"10":{"start":{"line":11,"column":18},"end":{"line":11,"column":33}},"11":{"start":{"line":12,"column":6},"end":{"line":12,"column":21}},"12":{"start":{"line":13,"column":6},"end":{"line":13,"column":22}},"13":{"start":{"line":14,"column":6},"end":{"line":14,"column":18}},"14":{"start":{"line":15,"column":6},"end":{"line":17,"column":null}},"15":{"start":{"line":16,"column":8},"end":{"line":16,"column":23}},"16":{"start":{"line":19,"column":6},"end":{"line":22,"column":null}},"17":{"start":{"line":20,"column":8},"end":{"line":20,"column":24}},"18":{"start":{"line":21,"column":8},"end":{"line":21,"column":27}},"19":{"start":{"line":24,"column":6},"end":{"line":27,"column":null}},"20":{"start":{"line":25,"column":8},"end":{"line":25,"column":19}},"21":{"start":{"line":26,"column":8},"end":{"line":26,"column":24}},"22":{"start":{"line":29,"column":6},"end":{"line":29,"column":null}},"23":{"start":{"line":33,"column":30},"end":{"line":33,"column":32}},"24":{"start":{"line":34,"column":2},"end":{"line":36,"column":null}},"25":{"start":{"line":35,"column":4},"end":{"line":35,"column":32}},"26":{"start":{"line":38,"column":2},"end":{"line":38,"column":27}},"27":{"start":{"line":41,"column":9},"end":{"line":41,"column":29}}},"fnMap":{"0":{"name":"(anonymous_0)","decl":{"start":{"line":1,"column":29},"end":{"line":1,"column":39}},"loc":{"start":{"line":1,"column":58},"end":{"line":39,"column":1}}},"1":{"name":"(anonymous_1)","decl":{"start":{"line":8,"column":15},"end":{"line":8,"column":16}},"loc":{"start":{"line":8,"column":30},"end":{"line":31,"column":3}}},"2":{"name":"(anonymous_2)","decl":{"start":{"line":34,"column":17},"end":{"line":34,"column":20}},"loc":{"start":{"line":34,"column":23},"end":{"line":36,"column":3}}}},"branchMap":{"0":{"loc":{"start":{"line":2,"column":2},"end":{"line":4,"column":null}},"type":"if","locations":[{"start":{"line":2,"column":2},"end":{"line":4,"column":null}},{"start":{"line":2,"column":2},"end":{"line":4,"column":null}}]},"1":{"loc":{"start":{"line":10,"column":4},"end":{"line":30,"column":null}},"type":"if","locations":[{"start":{"line":10,"column":4},"end":{"line":30,"column":null}},{"start":{"line":10,"column":4},"end":{"line":30,"column":null}}]},"2":{"loc":{"start":{"line":15,"column":6},"end":{"line":17,"column":null}},"type":"if","locations":[{"start":{"line":15,"column":6},"end":{"line":17,"column":null}},{"start":{"line":15,"column":6},"end":{"line":17,"column":null}}]},"3":{"loc":{"start":{"line":19,"column":6},"end":{"line":22,"column":null}},"type":"if","locations":[{"start":{"line":19,"column":6},"end":{"line":22,"column":null}},{"start":{"line":19,"column":6},"end":{"line":22,"column":null}}]},"4":{"loc":{"start":{"line":24,"column":6},"end":{"line":27,"column":null}},"type":"if","locations":[{"start":{"line":24,"column":6},"end":{"line":27,"column":null}},{"start":{"line":24,"column":6},"end":{"line":27,"column":null}}]}},"s":{"0":1,"1":2,"2":0,"3":2,"4":2,"5":2,"6":2,"7":12,"8":12,"9":12,"10":5,"11":5,"12":5,"13":5,"14":5,"15":3,"16":5,"17":5,"18":5,"19":7,"20":2,"21":2,"22":7,"23":2,"24":2,"25":3,"26":2,"27":1},"f":{"0":2,"1":12,"2":3},"b":{"0":[0,2],"1":[5,7],"2":[3,2],"3":[5,0],"4":[2,5]}}
}
