{"E:\\code\\letcode\\src\\array\\495-TeemoAttacking.ts": {"path":"E:\\code\\letcode\\src\\array\\495-TeemoAttacking.ts","statementMap":{"0":{"start":{"line":1,"column":27},"end":{"line":17,"column":1}},"1":{"start":{"line":2,"column":14},"end":{"line":2,"column":31}},"2":{"start":{"line":3,"column":13},"end":{"line":3,"column":14}},"3":{"start":{"line":4,"column":12},"end":{"line":4,"column":13}},"4":{"start":{"line":6,"column":2},"end":{"line":8,"column":null}},"5":{"start":{"line":7,"column":4},"end":{"line":7,"column":13}},"6":{"start":{"line":10,"column":2},"end":{"line":13,"column":null}},"7":{"start":{"line":11,"column":4},"end":{"line":11,"column":70}},"8":{"start":{"line":12,"column":4},"end":{"line":12,"column":10}},"9":{"start":{"line":15,"column":2},"end":{"line":15,"column":19}},"10":{"start":{"line":16,"column":2},"end":{"line":16,"column":14}},"11":{"start":{"line":19,"column":0},"end":{"line":19,"column":36}}},"fnMap":{"0":{"name":"(anonymous_0)","decl":{"start":{"line":1,"column":27},"end":{"line":1,"column":37}},"loc":{"start":{"line":1,"column":80},"end":{"line":17,"column":1}}}},"branchMap":{"0":{"loc":{"start":{"line":6,"column":2},"end":{"line":8,"column":null}},"type":"if","locations":[{"start":{"line":6,"column":2},"end":{"line":8,"column":null}},{"start":{"line":6,"column":2},"end":{"line":8,"column":null}}]}},"s":{"0":1,"1":2,"2":2,"3":2,"4":2,"5":0,"6":2,"7":2,"8":2,"9":2,"10":2,"11":1},"f":{"0":2},"b":{"0":[0,2]}}
}
