TN:
SF:src\array\414-thirdMaximumNumber.ts
FN:1,(anonymous_0)
FNF:1
FNH:1
FNDA:4,(anonymous_0)
DA:1,1
DA:2,4
DA:3,4
DA:4,4
DA:5,4
DA:7,4
DA:8,1
DA:11,3
DA:12,13
DA:13,13
DA:14,6
DA:15,6
DA:16,6
DA:17,7
DA:18,2
DA:19,2
DA:20,5
DA:21,2
DA:25,3
DA:26,3
DA:28,0
DA:32,1
LF:22
LH:21
BRDA:7,0,0,1
BRDA:7,0,1,3
BRDA:13,1,0,6
BRDA:13,1,1,7
BRDA:13,2,0,13
BRDA:13,2,1,10
BRDA:17,3,0,2
BRDA:17,3,1,5
BRDA:17,4,0,7
BRDA:17,4,1,5
BRDA:17,4,2,5
BRDA:20,5,0,2
BRDA:20,5,1,3
BRDA:20,6,0,5
BRDA:20,6,1,1
BRDA:20,6,2,5
BRDA:20,6,3,5
BRDA:25,7,0,3
BRDA:25,7,1,0
BRF:19
BRH:18
end_of_record
TN:
SF:src\array\42-firstMissingPositive.ts
FN:1,(anonymous_0)
FNF:1
FNH:1
FNDA:5,(anonymous_0)
DA:1,1
DA:2,5
DA:4,5
DA:5,1
DA:8,4
DA:9,14
DA:10,3
DA:11,3
DA:12,3
DA:16,4
DA:17,9
DA:18,3
DA:23,1
LF:13
LH:13
BRDA:4,0,0,1
BRDA:4,0,1,4
BRDA:9,1,0,17
BRDA:9,1,1,10
BRDA:9,1,2,7
BRDA:17,2,0,3
BRDA:17,2,1,6
BRF:7
BRH:7
end_of_record
TN:
SF:src\array\442-findAllDuplicatesInAnArray.ts
FN:1,(anonymous_0)
FN:16,(anonymous_1)
FNF:2
FNH:2
FNDA:1,(anonymous_0)
FNDA:1,(anonymous_1)
DA:1,1
DA:2,1
DA:3,1
DA:4,1
DA:5,8
DA:6,8
DA:7,6
DA:9,2
DA:13,1
DA:16,1
DA:17,1
DA:18,1
DA:19,1
DA:20,8
DA:21,6
DA:22,6
DA:23,6
DA:27,1
DA:28,8
DA:29,2
DA:33,1
LF:21
LH:21
BRDA:6,0,0,6
BRDA:6,0,1,2
BRDA:28,1,0,2
BRDA:28,1,1,6
BRF:4
BRH:4
end_of_record
TN:
SF:src\array\448-findAllNumbersDisappearedInAnArray.ts
FN:1,(anonymous_0)
FN:23,(anonymous_1)
FNF:2
FNH:2
FNDA:1,(anonymous_0)
FNDA:1,(anonymous_1)
DA:1,1
DA:2,1
DA:3,1
DA:4,1
DA:5,8
DA:6,8
DA:7,8
DA:8,6
DA:9,6
DA:10,6
DA:14,1
DA:15,8
DA:16,2
DA:20,1
DA:23,1
DA:24,1
DA:25,1
DA:26,1
DA:27,1
DA:28,1
DA:29,8
DA:30,8
DA:31,8
DA:32,6
DA:36,1
DA:37,8
DA:38,2
DA:42,1
LF:28
LH:28
BRDA:15,0,0,2
BRDA:15,0,1,6
BRDA:31,1,0,6
BRDA:31,1,1,2
BRDA:37,2,0,2
BRDA:37,2,1,6
BRF:6
BRH:6
end_of_record
TN:
SF:src\array\485-maxConsecutiveOnes.ts
FN:1,(anonymous_0)
FNF:1
FNH:1
FNDA:4,(anonymous_0)
DA:1,1
DA:2,4
DA:3,4
DA:4,0
DA:7,4
DA:8,4
DA:9,4
DA:10,23
DA:11,17
DA:13,6
DA:14,6
DA:19,4
DA:23,1
LF:13
LH:12
BRDA:3,0,0,0
BRDA:3,0,1,4
BRDA:10,1,0,17
BRDA:10,1,1,6
BRF:4
BRH:3
end_of_record
TN:
SF:src\array\495-teemoAttacking.ts
FN:1,(anonymous_0)
FNF:1
FNH:1
FNDA:2,(anonymous_0)
DA:1,1
DA:2,2
DA:3,2
DA:4,2
DA:6,2
DA:7,0
DA:10,2
DA:11,2
DA:12,2
DA:15,2
DA:16,2
DA:19,1
LF:12
LH:11
BRDA:6,0,0,0
BRDA:6,0,1,2
BRF:2
BRH:1
end_of_record
TN:
SF:src\array\628-maximumProductOfThreeNumber.ts
FN:1,(anonymous_0)
FNF:1
FNH:1
FNDA:4,(anonymous_0)
DA:1,1
DA:2,4
DA:3,4
DA:4,4
DA:5,4
DA:6,4
DA:7,4
DA:8,4
DA:10,4
DA:11,13
DA:12,13
DA:13,9
DA:14,9
DA:15,9
DA:16,4
DA:17,2
DA:18,2
DA:19,2
DA:20,2
DA:23,13
DA:24,8
DA:25,8
DA:26,5
DA:27,2
DA:31,4
DA:34,1
LF:26
LH:26
BRDA:12,0,0,9
BRDA:12,0,1,4
BRDA:16,1,0,2
BRDA:16,1,1,2
BRDA:19,2,0,2
BRDA:19,2,1,0
BRDA:23,3,0,8
BRDA:23,3,1,5
BRDA:26,4,0,2
BRDA:26,4,1,3
BRF:10
BRH:9
end_of_record
TN:
SF:src\array\645-setMismatch.ts
FN:1,(anonymous_0)
FN:2,(anonymous_1)
FN:28,(anonymous_2)
FN:32,(anonymous_3)
FN:49,(anonymous_4)
FNF:5
FNH:5
FNDA:6,(anonymous_0)
FNDA:42,(anonymous_1)
FNDA:6,(anonymous_2)
FNDA:28,(anonymous_3)
FNDA:38,(anonymous_4)
DA:1,1
DA:2,42
DA:3,6
DA:4,6
DA:5,6
DA:7,6
DA:8,3
DA:11,6
DA:12,18
DA:13,6
DA:16,18
DA:17,2
DA:20,18
DA:21,5
DA:25,1
DA:28,1
DA:29,6
DA:30,6
DA:31,6
DA:32,6
DA:33,28
DA:34,28
DA:35,22
DA:37,6
DA:41,6
DA:42,23
DA:43,23
DA:44,6
DA:45,17
DA:46,6
DA:49,38
DA:50,6
DA:57,1
LF:33
LH:33
BRDA:7,0,0,3
BRDA:7,0,1,3
BRDA:12,1,0,6
BRDA:12,1,1,12
BRDA:12,2,0,18
BRDA:12,2,1,10
BRDA:16,3,0,2
BRDA:16,3,1,16
BRDA:16,4,0,18
BRDA:16,4,1,13
BRDA:20,5,0,5
BRDA:20,5,1,13
BRDA:20,6,0,18
BRDA:20,6,1,7
BRDA:34,7,0,22
BRDA:34,7,1,6
BRDA:43,8,0,6
BRDA:43,8,1,17
BRDA:45,9,0,6
BRDA:45,9,1,11
BRDA:49,10,0,6
BRDA:49,10,1,17
BRF:22
BRH:22
end_of_record
TN:
SF:src\array\697-degreeOfAnArray.ts
FN:1,(anonymous_0)
FN:8,(anonymous_1)
FN:34,(anonymous_2)
FNF:3
FNH:3
FNDA:2,(anonymous_0)
FNDA:12,(anonymous_1)
FNDA:3,(anonymous_2)
DA:1,1
DA:2,2
DA:3,0
DA:5,2
DA:6,2
DA:7,2
DA:8,2
DA:9,12
DA:10,12
DA:11,5
DA:12,5
DA:13,5
DA:14,5
DA:15,5
DA:16,3
DA:19,5
DA:20,5
DA:21,5
DA:24,7
DA:25,2
DA:26,2
DA:29,7
DA:33,2
DA:34,2
DA:35,3
DA:38,2
DA:41,1
LF:27
LH:26
BRDA:2,0,0,0
BRDA:2,0,1,2
BRDA:10,1,0,5
BRDA:10,1,1,7
BRDA:15,2,0,3
BRDA:15,2,1,2
BRDA:19,3,0,5
BRDA:19,3,1,0
BRDA:24,4,0,2
BRDA:24,4,1,5
BRF:10
BRH:8
end_of_record
